{
  "num_samples": 500,
  "methods": {
    "rair_full_qvfs": {
      "turns": {
        "0": {
          "num_samples": 484,
          "active_num_samples": 484,
          "mrr": 0.29099524391267784,
          "mean_rank_found": 18.052197802197803,
          "found_rate": 0.7520661157024794,
          "hit@1": 0.20454545454545456,
          "hit@5": 0.3739669421487603,
          "hit@10": 0.47107438016528924,
          "hit@20": 0.5413223140495868,
          "hit@50": 0.6590909090909091
        },
        "1": {
          "num_samples": 484,
          "active_num_samples": 484,
          "mrr": 0.29518759218342583,
          "mean_rank_found": 14.600591715976332,
          "found_rate": 0.6983471074380165,
          "hit@1": 0.20867768595041322,
          "hit@5": 0.3822314049586777,
          "hit@10": 0.49586776859504134,
          "hit@20": 0.5392561983471075,
          "hit@50": 0.628099173553719,
          "interaction": {
            "accept_rate": 0.4793388429752066,
            "no_op_rate": 0.5206611570247934,
            "stop_found_rate": 0.47107438016528924,
            "edit_rate": 0.47520661157024796,
            "combine_rate": 0.0,
            "improved_rate": 0.09090909090909091,
            "worsened_rate": 0.07851239669421488,
            "lost_target_rate": 0.08677685950413223,
            "recovered_target_rate": 0.03305785123966942,
            "not_found_rate": 0.21487603305785125
          }
        },
        "2": {
          "num_samples": 484,
          "active_num_samples": 256,
          "mrr": 0.29559028438397217,
          "mean_rank_found": 15.252252252252251,
          "found_rate": 0.6880165289256198,
          "hit@1": 0.20867768595041322,
          "hit@5": 0.384297520661157,
          "hit@10": 0.5020661157024794,
          "hit@20": 0.5392561983471075,
          "hit@50": 0.6115702479338843,
          "interaction": {
            "accept_rate": 0.5234375,
            "no_op_rate": 0.4765625,
            "stop_found_rate": 0.046875,
            "edit_rate": 0.5234375,
            "combine_rate": 0.0,
            "improved_rate": 0.07421875,
            "worsened_rate": 0.08203125,
            "lost_target_rate": 0.046875,
            "recovered_target_rate": 0.02734375,
            "not_found_rate": 0.54296875
          }
        },
        "3": {
          "num_samples": 484,
          "active_num_samples": 244,
          "mrr": 0.2976327055541758,
          "mean_rank_found": 15.176646706586826,
          "found_rate": 0.6900826446280992,
          "hit@1": 0.21074380165289255,
          "hit@5": 0.38636363636363635,
          "hit@10": 0.506198347107438,
          "hit@20": 0.5392561983471075,
          "hit@50": 0.6053719008264463,
          "interaction": {
            "accept_rate": 0.3770491803278688,
            "no_op_rate": 0.6229508196721312,
            "stop_found_rate": 0.012295081967213115,
            "edit_rate": 0.3770491803278688,
            "combine_rate": 0.0,
            "improved_rate": 0.05327868852459016,
            "worsened_rate": 0.05737704918032787,
            "lost_target_rate": 0.028688524590163935,
            "recovered_target_rate": 0.03278688524590164,
            "not_found_rate": 0.5860655737704918
          }
        },
        "4": {
          "num_samples": 484,
          "active_num_samples": 241,
          "mrr": 0.2978369889992065,
          "mean_rank_found": 14.95808383233533,
          "found_rate": 0.6900826446280992,
          "hit@1": 0.21074380165289255,
          "hit@5": 0.38636363636363635,
          "hit@10": 0.5103305785123967,
          "hit@20": 0.5433884297520661,
          "hit@50": 0.609504132231405,
          "interaction": {
            "accept_rate": 0.23651452282157676,
            "no_op_rate": 0.7634854771784232,
            "stop_found_rate": 0.008298755186721992,
            "edit_rate": 0.23651452282157676,
            "combine_rate": 0.0,
            "improved_rate": 0.03734439834024896,
            "worsened_rate": 0.024896265560165973,
            "lost_target_rate": 0.02074688796680498,
            "recovered_target_rate": 0.02074688796680498,
            "not_found_rate": 0.6016597510373444
          }
        },
        "5": {
          "num_samples": 484,
          "active_num_samples": 239,
          "mrr": 0.2980965605642813,
          "mean_rank_found": 15.101190476190476,
          "found_rate": 0.6942148760330579,
          "hit@1": 0.21074380165289255,
          "hit@5": 0.38636363636363635,
          "hit@10": 0.5103305785123967,
          "hit@20": 0.5454545454545454,
          "hit@50": 0.6115702479338843,
          "interaction": {
            "accept_rate": 0.17154811715481172,
            "no_op_rate": 0.8284518828451883,
            "stop_found_rate": 0.008368200836820083,
            "edit_rate": 0.17154811715481172,
            "combine_rate": 0.0,
            "improved_rate": 0.029288702928870293,
            "worsened_rate": 0.02510460251046025,
            "lost_target_rate": 0.0041841004184100415,
            "recovered_target_rate": 0.012552301255230125,
            "not_found_rate": 0.6150627615062761
          }
        }
      },
      "final": {
        "num_samples": 484,
        "active_num_samples": 239,
        "mrr": 0.2980965605642813,
        "mean_rank_found": 15.101190476190476,
        "found_rate": 0.6942148760330579,
        "hit@1": 0.21074380165289255,
        "hit@5": 0.38636363636363635,
        "hit@10": 0.5103305785123967,
        "hit@20": 0.5454545454545454,
        "hit@50": 0.6115702479338843,
        "interaction": {
          "accept_rate": 0.17154811715481172,
          "no_op_rate": 0.8284518828451883,
          "stop_found_rate": 0.008368200836820083,
          "edit_rate": 0.17154811715481172,
          "combine_rate": 0.0,
          "improved_rate": 0.029288702928870293,
          "worsened_rate": 0.02510460251046025,
          "lost_target_rate": 0.0041841004184100415,
          "recovered_target_rate": 0.012552301255230125,
          "not_found_rate": 0.6150627615062761
        }
      }
    }
  }
}